<?xml version="1.0" encoding="UTF-8"?>
<testsuite xmlns:xsi="http://www.w3.org/2001/XMLSchema-instance" xsi:noNamespaceSchemaLocation="https://maven.apache.org/surefire/maven-surefire-plugin/xsd/surefire-test-report-3.0.xsd" version="3.0" name="com.trendyol.hooks.runner" time="28.335" tests="1" errors="0" skipped="0" failures="0">
  <properties>
[...]
</properties>
  <testcase name="runScenario[&quot;Cinsiyet secimi yapilmadan basarili login&quot;, &quot;Android Login&quot;](1)" classname="com.trendyol.hooks.runner" time="25.622">
    <system-out><![CDATA[
@Android
Scenario: Cinsiyet secimi yapilmadan basarili login         # src/test/resources/features/AndroidLogin.feature:4
  When Splash Ekranindan Turkiye secilir                    # com.trendyol.steps.SplashStepsDefs.splashEkranindanTurkiyeSecilir()
  Then Cinsiyet secimi yapilmadan devam edilir              # com.trendyol.steps.GenderStepsDefs.cinsiyetSecimiYapilmadanDevamEdilir()
  Then Navigation Bar alanindan hesabim butonuna tiklanir   # com.trendyol.steps.NavBarStepsDefs.navigationBarAlanindanHesabimButonunaTiklanir()
  Then "tolga.test@yandex.com" User email bilgisi yazilir   # com.trendyol.steps.LoginPStepsDefs.userEmailBilgisiYazilir(java.lang.String)
  Then "123123Tek" User password bilgisi yazilir            # com.trendyol.steps.LoginPStepsDefs.userPasswordBilgisiYazilir(java.lang.String)
  Then Submit butonuna basilir                              # com.trendyol.steps.LoginPStepsDefs.submitButonunaBasilir()
  Then Rootbarda tiklama islemi yapilir                     # com.trendyol.steps.AccountStepsDefs.rootbardaTiklamaIslemiYapilir()
  Then "tolga.test@yandex.com" Email bilgisi kontrol edilir # com.trendyol.steps.AccountStepsDefs.emailBilgisiKontrolEdilir(java.lang.String)
]]></system-out>
    <system-err><![CDATA[SLF4J: Failed to load class "org.slf4j.impl.StaticLoggerBinder".
SLF4J: Defaulting to no-operation (NOP) logger implementation
SLF4J: See http://www.slf4j.org/codes.html#StaticLoggerBinder for further details.
May 05, 2022 11:52:52 PM io.appium.java_client.remote.AppiumCommandExecutor$1 lambda$0
INFO: Detected dialect: W3C
]]></system-err>
  </testcase>
</testsuite>